#
# A fatal error has been detected by the Java Runtime Environment:
#
#  EXCEPTION_ACCESS_VIOLATION (0xc0000005) at pc=0x0000000064a7e6ac, pid=18856, tid=16820
#
# JRE version: OpenJDK Runtime Environment AdoptOpenJDK (11.0.8+10) (build 11.0.8+10)
# Java VM: OpenJDK 64-Bit Server VM AdoptOpenJDK (11.0.8+10, mixed mode, tiered, compressed oops, g1 gc, windows-amd64)
# Problematic frame:
# C  [imgui-java64.dll+0x7e6ac]
#
# No core dump will be written. Minidumps are not enabled by default on client versions of Windows
#
# If you would like to submit a bug report, please visit:
#   https://github.com/AdoptOpenJDK/openjdk-support/issues
# The crash happened outside the Java Virtual Machine in native code.
# See problematic frame for where to report the bug.
#

---------------  S U M M A R Y ------------

Command Line: -Dfile.encoding=windows-1252 -Duser.country=GB -Duser.language=en -Duser.variant editor.Window

Host: AMD Ryzen 5 3500U with Radeon Vega Mobile Gfx  , 8 cores, 6G,  Windows 10 , 64 bit Build 19041 (10.0.19041.1466)
Time: Wed Feb  2 12:44:13 2022 GMT Standard Time elapsed time: 1 seconds (0d 0h 0m 1s)

---------------  T H R E A D  ---------------

Current thread (0x00000212099bf800):  JavaThread "main" [_thread_in_native, id=16820, stack(0x0000005c15100000,0x0000005c15200000)]

Stack: [0x0000005c15100000,0x0000005c15200000],  sp=0x0000005c151ff300,  free space=1020k
Native frames: (J=compiled Java code, j=interpreted, Vv=VM code, C=native code)
C  [imgui-java64.dll+0x7e6ac]

Java frames: (J=compiled Java code, j=interpreted, Vv=VM code)
j  imgui.ImGui.newFrame()V+0
j  editor.Window.loop()V+41
j  editor.Window.run()V+19
j  editor.Window.main([Ljava/lang/String;)V+7
v  ~StubRoutines::call_stub

siginfo: EXCEPTION_ACCESS_VIOLATION (0xc0000005), reading address 0x0000000558a14004


Register to memory mapping:

RIP=0x0000000064a7e6ac imgui-java64.dll
RAX=0x0 is NULL
RBX=0x000000002ac50a00 is an unknown value
RCX=0x00000212099bfb40 points into unknown readable memory: 30 56 99 2d 12 02 00 00
RDX=0x0000005c151ff470 is pointing into the stack for thread: 0x00000212099bf800
RSP=0x0000005c151ff300 is pointing into the stack for thread: 0x00000212099bf800
RBP=0x00007fffb879b480 msvcrt.dll
RSI=0x0000000558a14000 is an unknown value
RDI=0x00007fffb879b480 msvcrt.dll
R8 =0x0000000000000008 is an unknown value
R9 =0x0000000000000002 is an unknown value
R10=0x000002121380eee8 is at code_begin+1000 in an Interpreter codelet
method entry point (kind = native)  [0x000002121380eb00, 0x000002121380f5a0]  2720 bytes
R11=0x00000000973e73f0 is an oop: java.lang.Class 
{0x00000000973e73f0} - klass: 'java/lang/Class'
R12=0x000002122a8fbfb0 points into unknown readable memory: 00 00 00 00 00 00 00 00
R13=0x0000000558a14000 is an unknown value
R14=0x00007fffb879b480 msvcrt.dll
R15=0x00000212099bf800 is a thread


Registers:
RAX=0x0000000000000000, RBX=0x000000002ac50a00, RCX=0x00000212099bfb40, RDX=0x0000005c151ff470
RSP=0x0000005c151ff300, RBP=0x00007fffb879b480, RSI=0x0000000558a14000, RDI=0x00007fffb879b480
R8 =0x0000000000000008, R9 =0x0000000000000002, R10=0x000002121380eee8, R11=0x00000000973e73f0
R12=0x000002122a8fbfb0, R13=0x0000000558a14000, R14=0x00007fffb879b480, R15=0x00000212099bf800
RIP=0x0000000064a7e6ac, EFLAGS=0x0000000000010202

Top of Stack: (sp=0x0000005c151ff300)
0x0000005c151ff300:   000000000000000d 0000000000000000
0x0000005c151ff310:   000002122a390f39 0000000000000000
0x0000005c151ff320:   00000212099bf800 0000005c151ff478
0x0000005c151ff330:   00000212355f4978 00007fff3b856619
0x0000005c151ff340:   0000021213809d43 0000005c151ff478
0x0000005c151ff350:   0000000000000000 0000000000000000
0x0000005c151ff360:   0000000000000000 0000000000000000
0x0000005c151ff370:   0000000000000000 0000000000000000
0x0000005c151ff380:   0000000000000000 0000000000000000
0x0000005c151ff390:   0000000000000000 0000000000000000
0x0000005c151ff3a0:   0000021213809d43 00000212355f4978
0x0000005c151ff3b0:   0000000000000140 0000021213809d43
0x0000005c151ff3c0:   0000005c151ff460 0000000000000000
0x0000005c151ff3d0:   00000212355f4978 0000005c151ff478
0x0000005c151ff3e0:   00000212099bf800 000002121380ef17
0x0000005c151ff3f0:   00000212099bf800 00000212355f4978 

Instructions: (pc=0x0000000064a7e6ac)
0x0000000064a7e5ac:   00 00 48 85 c0 0f 84 32 fe ff ff 48 89 83 40 1d
0x0000000064a7e5bc:   00 00 e9 26 fe ff ff 0f 1f 44 00 00 4c 89 e2 41
0x0000000064a7e5cc:   b8 06 07 00 00 48 89 e9 ff 15 3e 51 d8 00 48 03
0x0000000064a7e5dc:   bb 78 32 00 00 48 89 fa eb 9d 66 2e 0f 1f 84 00
0x0000000064a7e5ec:   00 00 00 00 f6 41 08 40 74 0a e9 a5 fd ff ff 0f
0x0000000064a7e5fc:   1f 44 00 00 c3 66 66 2e 0f 1f 84 00 00 00 00 00
0x0000000064a7e60c:   0f 1f 40 00 41 57 41 56 41 55 41 54 55 57 56 53
0x0000000064a7e61c:   48 81 ec a8 00 00 00 0f 11 74 24 50 0f 11 7c 24
0x0000000064a7e62c:   60 44 0f 11 44 24 70 44 0f 11 8c 24 80 00 00 00
0x0000000064a7e63c:   44 0f 11 94 24 90 00 00 00 4c 8b 25 fc 6a 53 00
0x0000000064a7e64c:   4d 85 e4 0f 84 65 29 00 00 41 8b 84 24 e0 32 00
0x0000000064a7e65c:   00 89 c3 83 eb 01 0f 88 78 01 00 00 48 8b 3d a9
0x0000000064a7e66c:   50 d8 00 48 63 f3 48 c1 e6 05 49 89 fe 48 89 fd
0x0000000064a7e67c:   eb 4d 66 90 41 39 9c 24 e0 32 00 00 7f 16 41 b8
0x0000000064a7e68c:   06 07 00 00 48 8d 15 23 ee 48 00 48 8d 0d 33 ee
0x0000000064a7e69c:   48 00 ff d7 49 8b 84 24 e8 32 00 00 4c 8d 2c 30
0x0000000064a7e6ac:   41 83 7d 04 07 74 45 83 eb 01 48 83 ee 20 83 fb
0x0000000064a7e6bc:   ff 0f 84 1d 01 00 00 41 8b 84 24 e0 32 00 00 39
0x0000000064a7e6cc:   d8 7f d1 e8 dc 00 11 00 84 c0 74 a8 4c 8d 05 db
0x0000000064a7e6dc:   ed 48 00 ba 06 07 00 00 48 8d 0d e6 ed 48 00 e8
0x0000000064a7e6ec:   e0 ff 10 00 eb ae 66 0f 1f 44 00 00 41 39 9c 24
0x0000000064a7e6fc:   e0 32 00 00 7f 27 e8 a9 00 11 00 84 c0 0f 85 f8
0x0000000064a7e70c:   1f 00 00 41 39 9c 24 e0 32 00 00 0f 8e b1 14 00
0x0000000064a7e71c:   00 49 8b 84 24 e8 32 00 00 4c 8d 2c 30 49 39 c5
0x0000000064a7e72c:   72 17 49 63 94 24 e0 32 00 00 48 89 d1 48 c1 e1
0x0000000064a7e73c:   05 48 01 c1 49 39 cd 72 58 e8 66 00 11 00 84 c0
0x0000000064a7e74c:   0f 85 26 1f 00 00 49 8b 84 24 e8 32 00 00 4c 39
0x0000000064a7e75c:   e8 77 17 49 63 94 24 e0 32 00 00 48 89 d1 48 c1
0x0000000064a7e76c:   e1 05 48 01 c1 49 39 cd 72 27 48 8d 15 3d ed 48
0x0000000064a7e77c:   00 41 b8 1d 07 00 00 48 8d 0d 66 f0 48 00 41 ff
0x0000000064a7e78c:   d6 49 8b 84 24 e8 32 00 00 49 63 94 24 e0 32 00
0x0000000064a7e79c:   00 4c 89 e9 4c 8d 42 ff 83 eb 01 48 83 ee 20 48 


Stack slot to memory mapping:
stack at sp + 0 slots: 0x000000000000000d is an unknown value
stack at sp + 1 slots: 0x0 is NULL
stack at sp + 2 slots: 0x000002122a390f39 is pointing into metadata
stack at sp + 3 slots: 0x0 is NULL
stack at sp + 4 slots: 0x00000212099bf800 is a thread
stack at sp + 5 slots: 0x0000005c151ff478 is pointing into the stack for thread: 0x00000212099bf800
stack at sp + 6 slots: {method} {0x00000212355f4980} 'newFrame' '()V' in 'imgui/ImGui'
stack at sp + 7 slots: 0x00007fff3b856619 jvm.dll


---------------  P R O C E S S  ---------------

Threads class SMR info:
_java_thread_list=0x000002122aa3e8c0, length=10, elements={
0x00000212099bf800, 0x0000021229f43000, 0x0000021229f46000, 0x0000021229f5d800,
0x0000021229f5e000, 0x0000021229f60000, 0x0000021229f63800, 0x0000021229f64800,
0x000002122aa39800, 0x000002122aa3f000
}

Java Threads: ( => current thread )
=>0x00000212099bf800 JavaThread "main" [_thread_in_native, id=16820, stack(0x0000005c15100000,0x0000005c15200000)]
  0x0000021229f43000 JavaThread "Reference Handler" daemon [_thread_blocked, id=12960, stack(0x0000005c15800000,0x0000005c15900000)]
  0x0000021229f46000 JavaThread "Finalizer" daemon [_thread_blocked, id=8852, stack(0x0000005c15900000,0x0000005c15a00000)]
  0x0000021229f5d800 JavaThread "Signal Dispatcher" daemon [_thread_blocked, id=14384, stack(0x0000005c15a00000,0x0000005c15b00000)]
  0x0000021229f5e000 JavaThread "Attach Listener" daemon [_thread_blocked, id=7472, stack(0x0000005c15b00000,0x0000005c15c00000)]
  0x0000021229f60000 JavaThread "C2 CompilerThread0" daemon [_thread_blocked, id=8876, stack(0x0000005c15c00000,0x0000005c15d00000)]
  0x0000021229f63800 JavaThread "C1 CompilerThread0" daemon [_thread_blocked, id=6160, stack(0x0000005c15d00000,0x0000005c15e00000)]
  0x0000021229f64800 JavaThread "Sweeper thread" daemon [_thread_blocked, id=15212, stack(0x0000005c15e00000,0x0000005c15f00000)]
  0x000002122aa39800 JavaThread "Service Thread" daemon [_thread_blocked, id=19376, stack(0x0000005c15f00000,0x0000005c16000000)]
  0x000002122aa3f000 JavaThread "Common-Cleaner" daemon [_thread_blocked, id=16948, stack(0x0000005c16100000,0x0000005c16200000)]

Other Threads:
  0x0000021229f1f800 VMThread "VM Thread" [stack: 0x0000005c15700000,0x0000005c15800000] [id=13324]
  0x000002122aa3b800 WatcherThread [stack: 0x0000005c16000000,0x0000005c16100000] [id=1972]
  0x00000212099d7800 GCTaskThread "GC Thread#0" [stack: 0x0000005c15200000,0x0000005c15300000] [id=14100]
  0x0000021209a03000 ConcurrentGCThread "G1 Main Marker" [stack: 0x0000005c15300000,0x0000005c15400000] [id=3672]
  0x0000021209a05000 ConcurrentGCThread "G1 Conc#0" [stack: 0x0000005c15400000,0x0000005c15500000] [id=20348]
  0x0000021209a96000 ConcurrentGCThread "G1 Refine#0" [stack: 0x0000005c15500000,0x0000005c15600000] [id=18328]
  0x0000021209a98000 ConcurrentGCThread "G1 Young RemSet Sampling" [stack: 0x0000005c15600000,0x0000005c15700000] [id=18640]

Threads with active compile tasks:

VM state:not at safepoint (normal execution)

VM Mutex/Monitor currently owned by a thread: None

Heap address: 0x0000000091000000, size: 1776 MB, Compressed Oops mode: 32-bit
Narrow klass base: 0x0000000000000000, Narrow klass shift: 3
Compressed class space size: 1073741824 Address: 0x0000000100000000

Heap:
 garbage-first heap   total 114688K, used 12288K [0x0000000091000000, 0x0000000100000000)
  region size 1024K, 14 young (14336K), 0 survivors (0K)
 Metaspace       used 12793K, capacity 12930K, committed 13312K, reserved 1060864K
  class space    used 880K, capacity 932K, committed 1024K, reserved 1048576K
Heap Regions: E=young(eden), S=young(survivor), O=old, HS=humongous(starts), HC=humongous(continues), CS=collection set, F=free, A=archive, TAMS=top-at-mark-start (previous, next)
|   0|0x0000000091000000, 0x0000000091000000, 0x0000000091100000|  0%| F|  |TAMS 0x0000000091000000, 0x0000000091000000| Untracked 
|   1|0x0000000091100000, 0x0000000091100000, 0x0000000091200000|  0%| F|  |TAMS 0x0000000091100000, 0x0000000091100000| Untracked 
|   2|0x0000000091200000, 0x0000000091200000, 0x0000000091300000|  0%| F|  |TAMS 0x0000000091200000, 0x0000000091200000| Untracked 
|   3|0x0000000091300000, 0x0000000091300000, 0x0000000091400000|  0%| F|  |TAMS 0x0000000091300000, 0x0000000091300000| Untracked 
|   4|0x0000000091400000, 0x0000000091400000, 0x0000000091500000|  0%| F|  |TAMS 0x0000000091400000, 0x0000000091400000| Untracked 
|   5|0x0000000091500000, 0x0000000091500000, 0x0000000091600000|  0%| F|  |TAMS 0x0000000091500000, 0x0000000091500000| Untracked 
|   6|0x0000000091600000, 0x0000000091600000, 0x0000000091700000|  0%| F|  |TAMS 0x0000000091600000, 0x0000000091600000| Untracked 
|   7|0x0000000091700000, 0x0000000091700000, 0x0000000091800000|  0%| F|  |TAMS 0x0000000091700000, 0x0000000091700000| Untracked 
|   8|0x0000000091800000, 0x0000000091800000, 0x0000000091900000|  0%| F|  |TAMS 0x0000000091800000, 0x0000000091800000| Untracked 
|   9|0x0000000091900000, 0x0000000091900000, 0x0000000091a00000|  0%| F|  |TAMS 0x0000000091900000, 0x0000000091900000| Untracked 
|  10|0x0000000091a00000, 0x0000000091a00000, 0x0000000091b00000|  0%| F|  |TAMS 0x0000000091a00000, 0x0000000091a00000| Untracked 
|  11|0x0000000091b00000, 0x0000000091b00000, 0x0000000091c00000|  0%| F|  |TAMS 0x0000000091b00000, 0x0000000091b00000| Untracked 
|  12|0x0000000091c00000, 0x0000000091c00000, 0x0000000091d00000|  0%| F|  |TAMS 0x0000000091c00000, 0x0000000091c00000| Untracked 
|  13|0x0000000091d00000, 0x0000000091d00000, 0x0000000091e00000|  0%| F|  |TAMS 0x0000000091d00000, 0x0000000091d00000| Untracked 
|  14|0x0000000091e00000, 0x0000000091e00000, 0x0000000091f00000|  0%| F|  |TAMS 0x0000000091e00000, 0x0000000091e00000| Untracked 
|  15|0x0000000091f00000, 0x0000000091f00000, 0x0000000092000000|  0%| F|  |TAMS 0x0000000091f00000, 0x0000000091f00000| Untracked 
|  16|0x0000000092000000, 0x0000000092000000, 0x0000000092100000|  0%| F|  |TAMS 0x0000000092000000, 0x0000000092000000| Untracked 
|  17|0x0000000092100000, 0x0000000092100000, 0x0000000092200000|  0%| F|  |TAMS 0x0000000092100000, 0x0000000092100000| Untracked 
|  18|0x0000000092200000, 0x0000000092200000, 0x0000000092300000|  0%| F|  |TAMS 0x0000000092200000, 0x0000000092200000| Untracked 
|  19|0x0000000092300000, 0x0000000092300000, 0x0000000092400000|  0%| F|  |TAMS 0x0000000092300000, 0x0000000092300000| Untracked 
|  20|0x0000000092400000, 0x0000000092400000, 0x0000000092500000|  0%| F|  |TAMS 0x0000000092400000, 0x0000000092400000| Untracked 
|  21|0x0000000092500000, 0x0000000092500000, 0x0000000092600000|  0%| F|  |TAMS 0x0000000092500000, 0x0000000092500000| Untracked 
|  22|0x0000000092600000, 0x0000000092600000, 0x0000000092700000|  0%| F|  |TAMS 0x0000000092600000, 0x0000000092600000| Untracked 
|  23|0x0000000092700000, 0x0000000092700000, 0x0000000092800000|  0%| F|  |TAMS 0x0000000092700000, 0x0000000092700000| Untracked 
|  24|0x0000000092800000, 0x0000000092800000, 0x0000000092900000|  0%| F|  |TAMS 0x0000000092800000, 0x0000000092800000| Untracked 
|  25|0x0000000092900000, 0x0000000092900000, 0x0000000092a00000|  0%| F|  |TAMS 0x0000000092900000, 0x0000000092900000| Untracked 
|  26|0x0000000092a00000, 0x0000000092a00000, 0x0000000092b00000|  0%| F|  |TAMS 0x0000000092a00000, 0x0000000092a00000| Untracked 
|  27|0x0000000092b00000, 0x0000000092b00000, 0x0000000092c00000|  0%| F|  |TAMS 0x0000000092b00000, 0x0000000092b00000| Untracked 
|  28|0x0000000092c00000, 0x0000000092c00000, 0x0000000092d00000|  0%| F|  |TAMS 0x0000000092c00000, 0x0000000092c00000| Untracked 
|  29|0x0000000092d00000, 0x0000000092d00000, 0x0000000092e00000|  0%| F|  |TAMS 0x0000000092d00000, 0x0000000092d00000| Untracked 
|  30|0x0000000092e00000, 0x0000000092e00000, 0x0000000092f00000|  0%| F|  |TAMS 0x0000000092e00000, 0x0000000092e00000| Untracked 
|  31|0x0000000092f00000, 0x0000000092f00000, 0x0000000093000000|  0%| F|  |TAMS 0x0000000092f00000, 0x0000000092f00000| Untracked 
|  32|0x0000000093000000, 0x0000000093000000, 0x0000000093100000|  0%| F|  |TAMS 0x0000000093000000, 0x0000000093000000| Untracked 
|  33|0x0000000093100000, 0x0000000093100000, 0x0000000093200000|  0%| F|  |TAMS 0x0000000093100000, 0x0000000093100000| Untracked 
|  34|0x0000000093200000, 0x0000000093200000, 0x0000000093300000|  0%| F|  |TAMS 0x0000000093200000, 0x0000000093200000| Untracked 
|  35|0x0000000093300000, 0x0000000093300000, 0x0000000093400000|  0%| F|  |TAMS 0x0000000093300000, 0x0000000093300000| Untracked 
|  36|0x0000000093400000, 0x0000000093400000, 0x0000000093500000|  0%| F|  |TAMS 0x0000000093400000, 0x0000000093400000| Untracked 
|  37|0x0000000093500000, 0x0000000093500000, 0x0000000093600000|  0%| F|  |TAMS 0x0000000093500000, 0x0000000093500000| Untracked 
|  38|0x0000000093600000, 0x0000000093600000, 0x0000000093700000|  0%| F|  |TAMS 0x0000000093600000, 0x0000000093600000| Untracked 
|  39|0x0000000093700000, 0x0000000093700000, 0x0000000093800000|  0%| F|  |TAMS 0x0000000093700000, 0x0000000093700000| Untracked 
|  40|0x0000000093800000, 0x0000000093800000, 0x0000000093900000|  0%| F|  |TAMS 0x0000000093800000, 0x0000000093800000| Untracked 
|  41|0x0000000093900000, 0x0000000093900000, 0x0000000093a00000|  0%| F|  |TAMS 0x0000000093900000, 0x0000000093900000| Untracked 
|  42|0x0000000093a00000, 0x0000000093a00000, 0x0000000093b00000|  0%| F|  |TAMS 0x0000000093a00000, 0x0000000093a00000| Untracked 
|  43|0x0000000093b00000, 0x0000000093b00000, 0x0000000093c00000|  0%| F|  |TAMS 0x0000000093b00000, 0x0000000093b00000| Untracked 
|  44|0x0000000093c00000, 0x0000000093c00000, 0x0000000093d00000|  0%| F|  |TAMS 0x0000000093c00000, 0x0000000093c00000| Untracked 
|  45|0x0000000093d00000, 0x0000000093d00000, 0x0000000093e00000|  0%| F|  |TAMS 0x0000000093d00000, 0x0000000093d00000| Untracked 
|  46|0x0000000093e00000, 0x0000000093e00000, 0x0000000093f00000|  0%| F|  |TAMS 0x0000000093e00000, 0x0000000093e00000| Untracked 
|  47|0x0000000093f00000, 0x0000000093f00000, 0x0000000094000000|  0%| F|  |TAMS 0x0000000093f00000, 0x0000000093f00000| Untracked 
|  48|0x0000000094000000, 0x0000000094000000, 0x0000000094100000|  0%| F|  |TAMS 0x0000000094000000, 0x0000000094000000| Untracked 
|  49|0x0000000094100000, 0x0000000094100000, 0x0000000094200000|  0%| F|  |TAMS 0x0000000094100000, 0x0000000094100000| Untracked 
|  50|0x0000000094200000, 0x0000000094200000, 0x0000000094300000|  0%| F|  |TAMS 0x0000000094200000, 0x0000000094200000| Untracked 
|  51|0x0000000094300000, 0x0000000094300000, 0x0000000094400000|  0%| F|  |TAMS 0x0000000094300000, 0x0000000094300000| Untracked 
|  52|0x0000000094400000, 0x0000000094400000, 0x0000000094500000|  0%| F|  |TAMS 0x0000000094400000, 0x0000000094400000| Untracked 
|  53|0x0000000094500000, 0x0000000094500000, 0x0000000094600000|  0%| F|  |TAMS 0x0000000094500000, 0x0000000094500000| Untracked 
|  54|0x0000000094600000, 0x0000000094600000, 0x0000000094700000|  0%| F|  |TAMS 0x0000000094600000, 0x0000000094600000| Untracked 
|  55|0x0000000094700000, 0x0000000094700000, 0x0000000094800000|  0%| F|  |TAMS 0x0000000094700000, 0x0000000094700000| Untracked 
|  56|0x0000000094800000, 0x0000000094800000, 0x0000000094900000|  0%| F|  |TAMS 0x0000000094800000, 0x0000000094800000| Untracked 
|  57|0x0000000094900000, 0x0000000094900000, 0x0000000094a00000|  0%| F|  |TAMS 0x0000000094900000, 0x0000000094900000| Untracked 
|  58|0x0000000094a00000, 0x0000000094a00000, 0x0000000094b00000|  0%| F|  |TAMS 0x0000000094a00000, 0x0000000094a00000| Untracked 
|  59|0x0000000094b00000, 0x0000000094b00000, 0x0000000094c00000|  0%| F|  |TAMS 0x0000000094b00000, 0x0000000094b00000| Untracked 
|  60|0x0000000094c00000, 0x0000000094c00000, 0x0000000094d00000|  0%| F|  |TAMS 0x0000000094c00000, 0x0000000094c00000| Untracked 
|  61|0x0000000094d00000, 0x0000000094d00000, 0x0000000094e00000|  0%| F|  |TAMS 0x0000000094d00000, 0x0000000094d00000| Untracked 
|  62|0x0000000094e00000, 0x0000000094e00000, 0x0000000094f00000|  0%| F|  |TAMS 0x0000000094e00000, 0x0000000094e00000| Untracked 
|  63|0x0000000094f00000, 0x0000000094f00000, 0x0000000095000000|  0%| F|  |TAMS 0x0000000094f00000, 0x0000000094f00000| Untracked 
|  64|0x0000000095000000, 0x0000000095000000, 0x0000000095100000|  0%| F|  |TAMS 0x0000000095000000, 0x0000000095000000| Untracked 
|  65|0x0000000095100000, 0x0000000095100000, 0x0000000095200000|  0%| F|  |TAMS 0x0000000095100000, 0x0000000095100000| Untracked 
|  66|0x0000000095200000, 0x0000000095200000, 0x0000000095300000|  0%| F|  |TAMS 0x0000000095200000, 0x0000000095200000| Untracked 
|  67|0x0000000095300000, 0x0000000095300000, 0x0000000095400000|  0%| F|  |TAMS 0x0000000095300000, 0x0000000095300000| Untracked 
|  68|0x0000000095400000, 0x0000000095400000, 0x0000000095500000|  0%| F|  |TAMS 0x0000000095400000, 0x0000000095400000| Untracked 
|  69|0x0000000095500000, 0x0000000095500000, 0x0000000095600000|  0%| F|  |TAMS 0x0000000095500000, 0x0000000095500000| Untracked 
|  70|0x0000000095600000, 0x0000000095600000, 0x0000000095700000|  0%| F|  |TAMS 0x0000000095600000, 0x0000000095600000| Untracked 
|  71|0x0000000095700000, 0x0000000095700000, 0x0000000095800000|  0%| F|  |TAMS 0x0000000095700000, 0x0000000095700000| Untracked 
|  72|0x0000000095800000, 0x0000000095800000, 0x0000000095900000|  0%| F|  |TAMS 0x0000000095800000, 0x0000000095800000| Untracked 
|  73|0x0000000095900000, 0x0000000095900000, 0x0000000095a00000|  0%| F|  |TAMS 0x0000000095900000, 0x0000000095900000| Untracked 
|  74|0x0000000095a00000, 0x0000000095a00000, 0x0000000095b00000|  0%| F|  |TAMS 0x0000000095a00000, 0x0000000095a00000| Untracked 
|  75|0x0000000095b00000, 0x0000000095b00000, 0x0000000095c00000|  0%| F|  |TAMS 0x0000000095b00000, 0x0000000095b00000| Untracked 
|  76|0x0000000095c00000, 0x0000000095c00000, 0x0000000095d00000|  0%| F|  |TAMS 0x0000000095c00000, 0x0000000095c00000| Untracked 
|  77|0x0000000095d00000, 0x0000000095d00000, 0x0000000095e00000|  0%| F|  |TAMS 0x0000000095d00000, 0x0000000095d00000| Untracked 
|  78|0x0000000095e00000, 0x0000000095e00000, 0x0000000095f00000|  0%| F|  |TAMS 0x0000000095e00000, 0x0000000095e00000| Untracked 
|  79|0x0000000095f00000, 0x0000000095f00000, 0x0000000096000000|  0%| F|  |TAMS 0x0000000095f00000, 0x0000000095f00000| Untracked 
|  80|0x0000000096000000, 0x0000000096000000, 0x0000000096100000|  0%| F|  |TAMS 0x0000000096000000, 0x0000000096000000| Untracked 
|  81|0x0000000096100000, 0x0000000096100000, 0x0000000096200000|  0%| F|  |TAMS 0x0000000096100000, 0x0000000096100000| Untracked 
|  82|0x0000000096200000, 0x0000000096200000, 0x0000000096300000|  0%| F|  |TAMS 0x0000000096200000, 0x0000000096200000| Untracked 
|  83|0x0000000096300000, 0x0000000096300000, 0x0000000096400000|  0%| F|  |TAMS 0x0000000096300000, 0x0000000096300000| Untracked 
|  84|0x0000000096400000, 0x0000000096400000, 0x0000000096500000|  0%| F|  |TAMS 0x0000000096400000, 0x0000000096400000| Untracked 
|  85|0x0000000096500000, 0x0000000096500000, 0x0000000096600000|  0%| F|  |TAMS 0x0000000096500000, 0x0000000096500000| Untracked 
|  86|0x0000000096600000, 0x0000000096600000, 0x0000000096700000|  0%| F|  |TAMS 0x0000000096600000, 0x0000000096600000| Untracked 
|  87|0x0000000096700000, 0x0000000096700000, 0x0000000096800000|  0%| F|  |TAMS 0x0000000096700000, 0x0000000096700000| Untracked 
|  88|0x0000000096800000, 0x0000000096800000, 0x0000000096900000|  0%| F|  |TAMS 0x0000000096800000, 0x0000000096800000| Untracked 
|  89|0x0000000096900000, 0x0000000096900000, 0x0000000096a00000|  0%| F|  |TAMS 0x0000000096900000, 0x0000000096900000| Untracked 
|  90|0x0000000096a00000, 0x0000000096a00000, 0x0000000096b00000|  0%| F|  |TAMS 0x0000000096a00000, 0x0000000096a00000| Untracked 
|  91|0x0000000096b00000, 0x0000000096b00000, 0x0000000096c00000|  0%| F|  |TAMS 0x0000000096b00000, 0x0000000096b00000| Untracked 
|  92|0x0000000096c00000, 0x0000000096c00000, 0x0000000096d00000|  0%| F|  |TAMS 0x0000000096c00000, 0x0000000096c00000| Untracked 
|  93|0x0000000096d00000, 0x0000000096d00000, 0x0000000096e00000|  0%| F|  |TAMS 0x0000000096d00000, 0x0000000096d00000| Untracked 
|  94|0x0000000096e00000, 0x0000000096e00000, 0x0000000096f00000|  0%| F|  |TAMS 0x0000000096e00000, 0x0000000096e00000| Untracked 
|  95|0x0000000096f00000, 0x0000000096f00000, 0x0000000097000000|  0%| F|  |TAMS 0x0000000096f00000, 0x0000000096f00000| Untracked 
|  96|0x0000000097000000, 0x0000000097000000, 0x0000000097100000|  0%| F|  |TAMS 0x0000000097000000, 0x0000000097000000| Untracked 
|  97|0x0000000097100000, 0x0000000097100000, 0x0000000097200000|  0%| F|  |TAMS 0x0000000097100000, 0x0000000097100000| Untracked 
|  98|0x0000000097200000, 0x000000009727c790, 0x0000000097300000| 48%| E|  |TAMS 0x0000000097200000, 0x0000000097200000| Complete 
|  99|0x0000000097300000, 0x0000000097400000, 0x0000000097400000|100%| E|CS|TAMS 0x0000000097300000, 0x0000000097300000| Complete 
| 100|0x0000000097400000, 0x0000000097500000, 0x0000000097500000|100%| E|CS|TAMS 0x0000000097400000, 0x0000000097400000| Complete 
| 101|0x0000000097500000, 0x0000000097600000, 0x0000000097600000|100%| E|CS|TAMS 0x0000000097500000, 0x0000000097500000| Complete 
| 102|0x0000000097600000, 0x0000000097700000, 0x0000000097700000|100%| E|  |TAMS 0x0000000097600000, 0x0000000097600000| Complete 
| 103|0x0000000097700000, 0x0000000097800000, 0x0000000097800000|100%| E|CS|TAMS 0x0000000097700000, 0x0000000097700000| Complete 
| 104|0x0000000097800000, 0x0000000097900000, 0x0000000097900000|100%| E|CS|TAMS 0x0000000097800000, 0x0000000097800000| Complete 
| 105|0x0000000097900000, 0x0000000097a00000, 0x0000000097a00000|100%| E|CS|TAMS 0x0000000097900000, 0x0000000097900000| Complete 
| 106|0x0000000097a00000, 0x0000000097b00000, 0x0000000097b00000|100%| E|CS|TAMS 0x0000000097a00000, 0x0000000097a00000| Complete 
| 107|0x0000000097b00000, 0x0000000097c00000, 0x0000000097c00000|100%| E|CS|TAMS 0x0000000097b00000, 0x0000000097b00000| Complete 
| 108|0x0000000097c00000, 0x0000000097d00000, 0x0000000097d00000|100%| E|CS|TAMS 0x0000000097c00000, 0x0000000097c00000| Complete 
| 109|0x0000000097d00000, 0x0000000097e00000, 0x0000000097e00000|100%| E|CS|TAMS 0x0000000097d00000, 0x0000000097d00000| Complete 
| 110|0x0000000097e00000, 0x0000000097f00000, 0x0000000097f00000|100%| E|CS|TAMS 0x0000000097e00000, 0x0000000097e00000| Complete 
| 111|0x0000000097f00000, 0x0000000098000000, 0x0000000098000000|100%| E|CS|TAMS 0x0000000097f00000, 0x0000000097f00000| Complete 

Card table byte_map: [0x00000212235f0000,0x0000021223970000] _byte_map_base: 0x0000021223168000

Marking Bits (Prev, Next): (CMBitMap*) 0x00000212099fb148, (CMBitMap*) 0x00000212099fb180
 Prev Bits: [0x0000021223cf0000, 0x00000212258b0000)
 Next Bits: [0x00000212258b0000, 0x0000021227470000)

Polling page: 0x0000021209aa0000

Metaspace:

Usage:
  Non-class:     11.72 MB capacity,    11.63 MB (>99%) used,    69.27 KB ( <1%) free+waste,    16.19 KB ( <1%) overhead. 
      Class:    932.00 KB capacity,   880.75 KB ( 95%) used,    44.69 KB (  5%) free+waste,     6.56 KB ( <1%) overhead. 
       Both:     12.63 MB capacity,    12.49 MB ( 99%) used,   113.95 KB ( <1%) free+waste,    22.75 KB ( <1%) overhead. 

Virtual space:
  Non-class space:       12.00 MB reserved,      12.00 MB (100%) committed 
      Class space:        1.00 GB reserved,       1.00 MB ( <1%) committed 
             Both:        1.01 GB reserved,      13.00 MB (  1%) committed 

Chunk freelists:
   Non-Class:  98.00 KB
       Class:  28.00 KB
        Both:  126.00 KB

MaxMetaspaceSize: 17179869184.00 GB
CompressedClassSpaceSize: 1.00 GB

CodeHeap 'non-profiled nmethods': size=120000Kb used=207Kb max_used=207Kb free=119792Kb
 bounds [0x000002121b2d0000, 0x000002121b540000, 0x0000021222800000]
CodeHeap 'profiled nmethods': size=120000Kb used=1301Kb max_used=1301Kb free=118698Kb
 bounds [0x0000021213da0000, 0x0000021214010000, 0x000002121b2d0000]
CodeHeap 'non-nmethods': size=5760Kb used=1582Kb max_used=1582Kb free=4177Kb
 bounds [0x0000021213800000, 0x0000021213a70000, 0x0000021213da0000]
 total_blobs=1952 nmethods=779 adapters=1085
 compilation: enabled
              stopped_count=0, restarted_count=0
 full_count=0

Compilation events (20 events):
Event: 1.423 Thread 0x0000021229f63800  768       3       sun.nio.ch.FileDispatcherImpl::write (17 bytes)
Event: 1.424 Thread 0x0000021229f63800 nmethod 768 0x0000021213edcb90 code [0x0000021213edcd60, 0x0000021213edcf28]
Event: 1.433 Thread 0x0000021229f60000  770       4       java.nio.ByteBuffer::position (8 bytes)
Event: 1.434 Thread 0x0000021229f60000 nmethod 770 0x000002121b303510 code [0x000002121b3036a0, 0x000002121b303758]
Event: 1.469 Thread 0x0000021229f63800  771       3       java.util.zip.ZipUtils::CENSIZ (9 bytes)
Event: 1.469 Thread 0x0000021229f63800 nmethod 771 0x0000021213edd090 code [0x0000021213edd260, 0x0000021213edd538]
Event: 1.475 Thread 0x0000021229f63800  772       3       jdk.internal.loader.ClassLoaders$AppClassLoader::loadClass (40 bytes)
Event: 1.476 Thread 0x0000021229f63800 nmethod 772 0x0000021213edd710 code [0x0000021213edd960, 0x0000021213ede1d8]
Event: 1.478 Thread 0x0000021229f63800  773       3       java.util.LinkedHashMap::get (33 bytes)
Event: 1.479 Thread 0x0000021229f63800 nmethod 773 0x0000021213ede510 code [0x0000021213ede700, 0x0000021213edeb28]
Event: 1.479 Thread 0x0000021229f63800  775       3       java.util.WeakHashMap::remove (133 bytes)
Event: 1.479 Thread 0x0000021229f63800 nmethod 775 0x0000021213edec90 code [0x0000021213edeee0, 0x0000021213edf988]
Event: 1.479 Thread 0x0000021229f63800  776   !   3       java.util.concurrent.ConcurrentHashMap::computeIfAbsent (576 bytes)
Event: 1.483 Thread 0x0000021229f63800 nmethod 776 0x0000021213edfd90 code [0x0000021213ee0200, 0x0000021213ee2e08]
Event: 1.483 Thread 0x0000021229f63800  777       3       java.lang.String::getChars (54 bytes)
Event: 1.484 Thread 0x0000021229f63800 nmethod 777 0x0000021213ee4010 code [0x0000021213ee4220, 0x0000021213ee46d8]
Event: 1.484 Thread 0x0000021229f63800  778       3       java.lang.StringLatin1::getChars (12 bytes)
Event: 1.484 Thread 0x0000021229f63800 nmethod 778 0x0000021213ee4910 code [0x0000021213ee4ae0, 0x0000021213ee4d38]
Event: 1.484 Thread 0x0000021229f63800  779       3       java.io.File::isInvalid (48 bytes)
Event: 1.485 Thread 0x0000021229f63800 nmethod 779 0x0000021213ee4f10 code [0x0000021213ee5100, 0x0000021213ee55f8]

GC Heap History (0 events):
No events

Deoptimization events (18 events):
Event: 0.126 Thread 0x00000212099bf800 Uncommon trap: trap_request=0xffffff4d fr.pc=0x000002121b2d1130 relative=0x0000000000000070
Event: 0.126 Thread 0x00000212099bf800 Uncommon trap: reason=unstable_if action=reinterpret pc=0x000002121b2d1130 method=java.lang.String.isLatin1()Z @ 10 c2
Event: 0.126 Thread 0x00000212099bf800 DEOPT PACKING pc=0x000002121b2d1130 sp=0x0000005c151fefa0
Event: 0.126 Thread 0x00000212099bf800 DEOPT UNPACKING pc=0x00000212138274af sp=0x0000005c151feee0 mode 2
Event: 0.138 Thread 0x00000212099bf800 Uncommon trap: trap_request=0xffffff4d fr.pc=0x000002121b2d487c relative=0x00000000000001dc
Event: 0.138 Thread 0x00000212099bf800 Uncommon trap: reason=unstable_if action=reinterpret pc=0x000002121b2d487c method=java.lang.String.hashCode()I @ 14 c2
Event: 0.138 Thread 0x00000212099bf800 DEOPT PACKING pc=0x000002121b2d487c sp=0x0000005c151fd7e0
Event: 0.138 Thread 0x00000212099bf800 DEOPT UNPACKING pc=0x00000212138274af sp=0x0000005c151fd778 mode 2
Event: 0.986 Thread 0x00000212099bf800 DEOPT PACKING pc=0x0000021213e28338 sp=0x0000005c151fe0b0
Event: 0.986 Thread 0x00000212099bf800 DEOPT UNPACKING pc=0x00000212138272ce sp=0x0000005c151fd508 mode 0
Event: 1.193 Thread 0x00000212099bf800 DEOPT PACKING pc=0x0000021213e648a2 sp=0x0000005c151fcc90
Event: 1.193 Thread 0x00000212099bf800 DEOPT UNPACKING pc=0x00000212138272ce sp=0x0000005c151fc0f8 mode 0
Event: 1.236 Thread 0x00000212099bf800 DEOPT PACKING pc=0x0000021213e213d0 sp=0x0000005c151fcd40
Event: 1.236 Thread 0x00000212099bf800 DEOPT UNPACKING pc=0x00000212138272ce sp=0x0000005c151fc1c8 mode 0
Event: 1.311 Thread 0x00000212099bf800 Uncommon trap: trap_request=0xffffff5c fr.pc=0x000002121b2f7ff8 relative=0x0000000000000058
Event: 1.311 Thread 0x00000212099bf800 Uncommon trap: reason=speculate_null_assert action=make_not_entrant pc=0x000002121b2f7ff8 method=sun.misc.Unsafe.getLong(Ljava/lang/Object;J)J @ 5 c2
Event: 1.311 Thread 0x00000212099bf800 DEOPT PACKING pc=0x000002121b2f7ff8 sp=0x0000005c151ff1f0
Event: 1.311 Thread 0x00000212099bf800 DEOPT UNPACKING pc=0x00000212138274af sp=0x0000005c151ff178 mode 2

Classes redefined (0 events):
No events

Internal exceptions (20 events):
Event: 0.165 Thread 0x00000212099bf800 Exception <a 'java/security/PrivilegedActionException'{0x0000000097e39650}> (0x0000000097e39650) thrown at [./src/hotspot/share/prims/jvm.cpp, line 1297]
Event: 0.357 Thread 0x00000212099bf800 Exception <a 'java/lang/NoSuchMethodError'{0x0000000097dbec30}: 'void java.lang.invoke.DelegatingMethodHandle$Holder.delegate(java.lang.Object, java.lang.Object, int, java.lang.Object)'> (0x0000000097dbec30) thrown at [./src/hotspot/share/interpreter/linkResolver.cpp, line 773]
Event: 0.360 Thread 0x00000212099bf800 Exception <a 'java/lang/NoSuchMethodError'{0x0000000097dc6230}: 'java.lang.Object java.lang.invoke.DirectMethodHandle$Holder.invokeStaticInit(java.lang.Object, java.lang.Object, java.lang.Object)'> (0x0000000097dc6230) thrown at [./src/hotspot/share/interpreter/linkResolver.cpp, line 773]
Event: 0.367 Thread 0x00000212099bf800 Exception <a 'java/lang/NoSuchMethodError'{0x0000000097dead58}: 'int java.lang.invoke.DirectMethodHandle$Holder.invokeSpecialIFC(java.lang.Object, java.lang.Object, int)'> (0x0000000097dead58) thrown at [./src/hotspot/share/interpreter/linkResolver.cpp, line 773]
Event: 0.412 Thread 0x00000212099bf800 Exception <a 'sun/nio/fs/WindowsException'{0x0000000097c1d8a8}> (0x0000000097c1d8a8) thrown at [./src/hotspot/share/prims/jni.cpp, line 615]
Event: 0.412 Thread 0x00000212099bf800 Exception <a 'sun/nio/fs/WindowsException'{0x0000000097c1de00}> (0x0000000097c1de00) thrown at [./src/hotspot/share/prims/jni.cpp, line 615]
Event: 0.508 Thread 0x00000212099bf800 Exception <a 'java/lang/NoSuchMethodError'{0x0000000097b8c728}: 'int java.lang.invoke.DirectMethodHandle$Holder.invokeStaticInit(java.lang.Object, java.lang.Object, int, long)'> (0x0000000097b8c728) thrown at [./src/hotspot/share/interpreter/linkResolver.cpp, line 773]
Event: 0.510 Thread 0x00000212099bf800 Exception <a 'java/lang/NoSuchMethodError'{0x0000000097b918d0}: 'java.lang.Object java.lang.invoke.Invokers$Holder.linkToTargetMethod(java.lang.Object, int, java.lang.Object)'> (0x0000000097b918d0) thrown at [./src/hotspot/share/interpreter/linkResolver.cpp, line 773]
Event: 0.512 Thread 0x00000212099bf800 Exception <a 'java/lang/NoSuchMethodError'{0x0000000097b9e540}: 'int java.lang.invoke.DirectMethodHandle$Holder.invokeStaticInit(java.lang.Object, java.lang.Object, long, long)'> (0x0000000097b9e540) thrown at [./src/hotspot/share/interpreter/linkResolver.cpp, line 773]
Event: 0.514 Thread 0x00000212099bf800 Exception <a 'java/lang/NoSuchMethodError'{0x0000000097ba9ca0}: 'java.lang.Object java.lang.invoke.Invokers$Holder.linkToTargetMethod(java.lang.Object, long, java.lang.Object)'> (0x0000000097ba9ca0) thrown at [./src/hotspot/share/interpreter/linkResolver.cpp, line 773]
Event: 0.515 Thread 0x00000212099bf800 Exception <a 'java/lang/NoSuchMethodError'{0x0000000097bafe90}: 'int java.lang.invoke.DirectMethodHandle$Holder.invokeStaticInit(java.lang.Object, java.lang.Object, java.lang.Object, long)'> (0x0000000097bafe90) thrown at [./src/hotspot/share/interpreter/linkResolver.cpp, line 773]
Event: 0.562 Thread 0x00000212099bf800 Exception <a 'sun/nio/fs/WindowsException'{0x0000000097a70838}> (0x0000000097a70838) thrown at [./src/hotspot/share/prims/jni.cpp, line 615]
Event: 0.562 Thread 0x00000212099bf800 Exception <a 'sun/nio/fs/WindowsException'{0x0000000097a70ba8}> (0x0000000097a70ba8) thrown at [./src/hotspot/share/prims/jni.cpp, line 615]
Event: 0.979 Thread 0x00000212099bf800 Exception <a 'sun/nio/fs/WindowsException'{0x0000000097ae6010}> (0x0000000097ae6010) thrown at [./src/hotspot/share/prims/jni.cpp, line 615]
Event: 0.979 Thread 0x00000212099bf800 Exception <a 'sun/nio/fs/WindowsException'{0x0000000097ae63c0}> (0x0000000097ae63c0) thrown at [./src/hotspot/share/prims/jni.cpp, line 615]
Event: 0.986 Thread 0x00000212099bf800 Exception <a 'sun/nio/fs/WindowsException'{0x0000000097afca40}> (0x0000000097afca40) thrown at [./src/hotspot/share/prims/jni.cpp, line 615]
Event: 0.987 Thread 0x00000212099bf800 Exception <a 'sun/nio/fs/WindowsException'{0x0000000097afcd28}> (0x0000000097afcd28) thrown at [./src/hotspot/share/prims/jni.cpp, line 615]
Event: 1.337 Thread 0x00000212099bf800 Exception <a 'sun/nio/fs/WindowsException'{0x00000000973a9290}> (0x00000000973a9290) thrown at [./src/hotspot/share/prims/jni.cpp, line 615]
Event: 1.337 Thread 0x00000212099bf800 Exception <a 'sun/nio/fs/WindowsException'{0x00000000973a9618}> (0x00000000973a9618) thrown at [./src/hotspot/share/prims/jni.cpp, line 615]
Event: 1.378 Thread 0x00000212099bf800 Exception <a 'sun/nio/fs/WindowsException'{0x00000000973f4c28}> (0x00000000973f4c28) thrown at [./src/hotspot/share/prims/jni.cpp, line 615]

Events (20 events):
Event: 1.479 loading class imgui/callback/ImPlatformFuncViewport
Event: 1.479 loading class imgui/callback/ImPlatformFuncViewport done
Event: 1.480 loading class imgui/callback/ImPlatformFuncViewportFloat
Event: 1.480 loading class imgui/callback/ImPlatformFuncViewportFloat done
Event: 1.480 loading class imgui/callback/ImPlatformFuncViewportImVec2
Event: 1.480 loading class imgui/callback/ImPlatformFuncViewportImVec2 done
Event: 1.480 loading class imgui/callback/ImPlatformFuncViewportString
Event: 1.480 loading class imgui/callback/ImPlatformFuncViewportString done
Event: 1.481 loading class imgui/callback/ImPlatformFuncViewportSuppImVec2
Event: 1.481 loading class imgui/callback/ImPlatformFuncViewportSuppImVec2 done
Event: 1.482 loading class imgui/callback/ImPlatformFuncViewportSuppBoolean
Event: 1.482 loading class imgui/callback/ImPlatformFuncViewportSuppBoolean done
Event: 1.482 loading class imgui/callback/ImPlatformFuncViewportSuppFloat
Event: 1.482 loading class imgui/callback/ImPlatformFuncViewportSuppFloat done
Event: 1.483 loading class imgui/extension/imguifiledialog/callback/ImGuiFileDialogPaneFun
Event: 1.483 loading class imgui/extension/imguifiledialog/callback/ImGuiFileDialogPaneFun done
Event: 1.483 loading class imgui/type/ImString$InputData
Event: 1.483 loading class imgui/type/ImString$InputData done
Event: 1.484 loading class imgui/type/ImString
Event: 1.484 loading class imgui/type/ImString done


Dynamic libraries:
0x00007ff77e0d0000 - 0x00007ff77e0dd000 	C:\Program Files\AdoptOpenJDK\jdk-11.0.8.10-hotspot\bin\java.exe
0x00007fffb8b50000 - 0x00007fffb8d45000 	C:\WINDOWS\SYSTEM32\ntdll.dll
0x00007fffb86b0000 - 0x00007fffb876e000 	C:\WINDOWS\System32\KERNEL32.DLL
0x00007fffb67e0000 - 0x00007fffb6aa8000 	C:\WINDOWS\System32\KERNELBASE.dll
0x00007fffb66b0000 - 0x00007fffb67b0000 	C:\WINDOWS\System32\ucrtbase.dll
0x00007fff9ed40000 - 0x00007fff9ed57000 	C:\Program Files\AdoptOpenJDK\jdk-11.0.8.10-hotspot\bin\jli.dll
0x00007fff9ee30000 - 0x00007fff9ee45000 	C:\Program Files\AdoptOpenJDK\jdk-11.0.8.10-hotspot\bin\VCRUNTIME140.dll
0x00007fffb7e60000 - 0x00007fffb8001000 	C:\WINDOWS\System32\USER32.dll
0x00007fffb67b0000 - 0x00007fffb67d2000 	C:\WINDOWS\System32\win32u.dll
0x00007fffa2380000 - 0x00007fffa261a000 	C:\WINDOWS\WinSxS\amd64_microsoft.windows.common-controls_6595b64144ccf1df_6.0.19041.1110_none_60b5254171f9507e\COMCTL32.dll
0x00007fffb8680000 - 0x00007fffb86ab000 	C:\WINDOWS\System32\GDI32.dll
0x00007fffb8770000 - 0x00007fffb880e000 	C:\WINDOWS\System32\msvcrt.dll
0x00007fffb6260000 - 0x00007fffb636d000 	C:\WINDOWS\System32\gdi32full.dll
0x00007fffb64d0000 - 0x00007fffb656d000 	C:\WINDOWS\System32\msvcp_win.dll
0x00007fffb7830000 - 0x00007fffb7860000 	C:\WINDOWS\System32\IMM32.DLL
0x00007fff6cf50000 - 0x00007fff6cfeb000 	C:\Program Files\AdoptOpenJDK\jdk-11.0.8.10-hotspot\bin\msvcp140.dll
0x00007fff3b6e0000 - 0x00007fff3c19d000 	C:\Program Files\AdoptOpenJDK\jdk-11.0.8.10-hotspot\bin\server\jvm.dll
0x00007fffb83d0000 - 0x00007fffb847e000 	C:\WINDOWS\System32\ADVAPI32.dll
0x00007fffb72e0000 - 0x00007fffb737c000 	C:\WINDOWS\System32\sechost.dll
0x00007fffb8940000 - 0x00007fffb8a65000 	C:\WINDOWS\System32\RPCRT4.dll
0x00007fffb85a0000 - 0x00007fffb85a8000 	C:\WINDOWS\System32\PSAPI.DLL
0x00007fffa2280000 - 0x00007fffa2289000 	C:\WINDOWS\SYSTEM32\WSOCK32.dll
0x00007fffa2190000 - 0x00007fffa21b7000 	C:\WINDOWS\SYSTEM32\WINMM.dll
0x00007fffb85b0000 - 0x00007fffb861b000 	C:\WINDOWS\System32\WS2_32.dll
0x00007fffa7850000 - 0x00007fffa785a000 	C:\WINDOWS\SYSTEM32\VERSION.dll
0x00007fffb4af0000 - 0x00007fffb4b02000 	C:\WINDOWS\SYSTEM32\kernel.appcore.dll
0x00007fff9d980000 - 0x00007fff9d990000 	C:\Program Files\AdoptOpenJDK\jdk-11.0.8.10-hotspot\bin\verify.dll
0x00007fffb4300000 - 0x00007fffb44e4000 	C:\WINDOWS\SYSTEM32\DBGHELP.DLL
0x00007fffae0f0000 - 0x00007fffae11c000 	C:\WINDOWS\SYSTEM32\dbgcore.DLL
0x00007fffb6570000 - 0x00007fffb65f2000 	C:\WINDOWS\System32\bcryptPrimitives.dll
0x00007fff9d260000 - 0x00007fff9d288000 	C:\Program Files\AdoptOpenJDK\jdk-11.0.8.10-hotspot\bin\java.dll
0x00007fff9d4b0000 - 0x00007fff9d4ba000 	C:\Program Files\AdoptOpenJDK\jdk-11.0.8.10-hotspot\bin\jimage.dll
0x00007fff94170000 - 0x00007fff94187000 	C:\Program Files\AdoptOpenJDK\jdk-11.0.8.10-hotspot\bin\zip.dll
0x00007fffb6b90000 - 0x00007fffb72d4000 	C:\WINDOWS\System32\SHELL32.dll
0x00007fffb3a90000 - 0x00007fffb4225000 	C:\WINDOWS\SYSTEM32\windows.storage.dll
0x00007fffb8070000 - 0x00007fffb83c5000 	C:\WINDOWS\System32\combase.dll
0x00007fffb5be0000 - 0x00007fffb5c0e000 	C:\WINDOWS\SYSTEM32\Wldp.dll
0x00007fffb7630000 - 0x00007fffb76dd000 	C:\WINDOWS\System32\SHCORE.dll
0x00007fffb75d0000 - 0x00007fffb7625000 	C:\WINDOWS\System32\shlwapi.dll
0x00007fffb61a0000 - 0x00007fffb61bf000 	C:\WINDOWS\SYSTEM32\profapi.dll
0x00007fff94040000 - 0x00007fff94059000 	C:\Program Files\AdoptOpenJDK\jdk-11.0.8.10-hotspot\bin\net.dll
0x00007fffac5f0000 - 0x00007fffac6fc000 	C:\WINDOWS\SYSTEM32\WINHTTP.dll
0x00007fffb5940000 - 0x00007fffb59aa000 	C:\WINDOWS\system32\mswsock.dll
0x00007fff93c50000 - 0x00007fff93c62000 	C:\Program Files\AdoptOpenJDK\jdk-11.0.8.10-hotspot\bin\nio.dll
0x00007fff93a60000 - 0x00007fff93ad1000 	C:\Users\Jacob\AppData\Local\Temp\lwjglJacob\3.3.0-SNAPSHOT\lwjgl.dll
0x00007fff8e930000 - 0x00007fff8e991000 	C:\Users\Jacob\AppData\Local\Temp\lwjglJacob\3.3.0-SNAPSHOT\glfw.dll
0x00007fff94dc0000 - 0x00007fff94e05000 	C:\WINDOWS\SYSTEM32\dinput8.dll
0x00007fffaaac0000 - 0x00007fffaaad1000 	C:\WINDOWS\SYSTEM32\xinput1_4.dll
0x00007fffb6660000 - 0x00007fffb66ae000 	C:\WINDOWS\System32\cfgmgr32.dll
0x00007fffb5f90000 - 0x00007fffb5fc4000 	C:\WINDOWS\SYSTEM32\DEVOBJ.dll
0x00007fffb35a0000 - 0x00007fffb35cf000 	C:\WINDOWS\SYSTEM32\dwmapi.dll
0x00007fff9c030000 - 0x00007fff9c182000 	C:\WINDOWS\SYSTEM32\inputhost.dll
0x00007fffb7d90000 - 0x00007fffb7e5d000 	C:\WINDOWS\System32\OLEAUT32.dll
0x00007fffb1300000 - 0x00007fffb13f6000 	C:\WINDOWS\SYSTEM32\PROPSYS.dll
0x00007fffb18d0000 - 0x00007fffb1a24000 	C:\WINDOWS\SYSTEM32\wintypes.dll
0x00007fffb2c30000 - 0x00007fffb2f8e000 	C:\WINDOWS\SYSTEM32\CoreUIComponents.dll
0x00007fffb4f10000 - 0x00007fffb4f43000 	C:\WINDOWS\SYSTEM32\ntmarta.dll
0x00007fffb2f90000 - 0x00007fffb3082000 	C:\WINDOWS\SYSTEM32\CoreMessaging.dll
0x00007fffb3370000 - 0x00007fffb340e000 	C:\WINDOWS\system32\uxtheme.dll
0x00007fffb8480000 - 0x00007fffb8595000 	C:\WINDOWS\System32\MSCTF.dll
0x00007fff6b600000 - 0x00007fff6b725000 	C:\WINDOWS\SYSTEM32\opengl32.dll
0x00007fff9c370000 - 0x00007fff9c39c000 	C:\WINDOWS\SYSTEM32\GLU32.dll
0x00007fffb7860000 - 0x00007fffb7909000 	C:\WINDOWS\System32\clbcatq.dll
0x00007fffa65a0000 - 0x00007fffa65c8000 	C:\WINDOWS\System32\DriverStore\FileRepository\u0355756.inf_amd64_5146fc3a012e7afa\B354291\atig6pxx.dll
0x00007fff551f0000 - 0x00007fff57881000 	C:\WINDOWS\System32\DriverStore\FileRepository\u0355756.inf_amd64_5146fc3a012e7afa\B354291\atio6axx.dll
0x00007fffb7910000 - 0x00007fffb7d82000 	C:\WINDOWS\System32\SETUPAPI.dll
0x00007fffb6ab0000 - 0x00007fffb6ad7000 	C:\WINDOWS\System32\bcrypt.dll
0x00007fff9e660000 - 0x00007fff9e684000 	C:\WINDOWS\SYSTEM32\dxva2.dll
0x00007fffb8810000 - 0x00007fffb893a000 	C:\WINDOWS\System32\ole32.dll
0x00007fff9d610000 - 0x00007fff9d64a000 	C:\WINDOWS\System32\DriverStore\FileRepository\u0355756.inf_amd64_5146fc3a012e7afa\B354291\atig6txx.dll
0x00007fff95280000 - 0x00007fff95428000 	C:\WINDOWS\SYSTEM32\atiadlxx.dll
0x00007fffb6600000 - 0x00007fffb6660000 	C:\WINDOWS\System32\WINTRUST.dll
0x00007fffb6370000 - 0x00007fffb64c6000 	C:\WINDOWS\System32\CRYPT32.dll
0x00007fffb5d70000 - 0x00007fffb5d82000 	C:\WINDOWS\SYSTEM32\MSASN1.dll
0x00007fff97770000 - 0x00007fff977ab000 	C:\WINDOWS\SYSTEM32\dxcore.dll
0x00007fff9c240000 - 0x00007fff9c339000 	C:\WINDOWS\SYSTEM32\textinputframework.dll
0x00007fff8e8d0000 - 0x00007fff8e92d000 	C:\Users\Jacob\AppData\Local\Temp\lwjglJacob\3.3.0-SNAPSHOT\lwjgl_opengl.dll
0x00007fff8d580000 - 0x00007fff8d601000 	C:\Users\Jacob\AppData\Local\Temp\lwjglJacob\3.3.0-SNAPSHOT\lwjgl_stb.dll
0x0000000064a00000 - 0x000000006580b000 	C:\Users\Jacob\AppData\Local\Temp\imgui-java-natives_1643805853335\imgui-java64.dll

dbghelp: loaded successfully - version: 4.0.5 - missing functions: none
symbol engine: initialized successfully - sym options: 0x614 - pdb path: .;C:\Program Files\AdoptOpenJDK\jdk-11.0.8.10-hotspot\bin;C:\WINDOWS\SYSTEM32;C:\WINDOWS\WinSxS\amd64_microsoft.windows.common-controls_6595b64144ccf1df_6.0.19041.1110_none_60b5254171f9507e;C:\Program Files\AdoptOpenJDK\jdk-11.0.8.10-hotspot\bin\server;C:\Users\Jacob\AppData\Local\Temp\lwjglJacob\3.3.0-SNAPSHOT;C:\WINDOWS\System32\DriverStore\FileRepository\u0355756.inf_amd64_5146fc3a012e7afa\B354291;C:\Users\Jacob\AppData\Local\Temp\imgui-java-natives_1643805853335

VM Arguments:
jvm_args: -Dfile.encoding=windows-1252 -Duser.country=GB -Duser.language=en -Duser.variant 
java_command: editor.Window
java_class_path (initial): D:\Project\build\classes\java\main;D:\Project\build\resources\main;C:\Users\Jacob\.gradle\caches\modules-2\files-2.1\io.github.spair\imgui-java-app\1.86.1\22c352ceb7e6634524b54cc1f8818da0db9b43e4\imgui-java-app-1.86.1.jar;C:\Users\Jacob\.gradle\caches\modules-2\files-2.1\io.github.spair\imgui-java-lwjgl3\1.86.1\39f026f905b38671915a5bf1370fdd75fa454a87\imgui-java-lwjgl3-1.86.1.jar;C:\Users\Jacob\.gradle\caches\modules-2\files-2.1\org.lwjgl\lwjgl-assimp\3.3.0\82135e856184e76d38a97f729141298d3edcf0e4\lwjgl-assimp-3.3.0.jar;C:\Users\Jacob\.gradle\caches\modules-2\files-2.1\org.lwjgl\lwjgl-assimp\3.3.0\3256ea17d2f82e98a2e6464cb165a3af49ac5e36\lwjgl-assimp-3.3.0-natives-windows.jar;C:\Users\Jacob\.gradle\caches\modules-2\files-2.1\org.lwjgl\lwjgl-glfw\3.3.0\899e34f314525596f8fdb6476d3e56104da4601d\lwjgl-glfw-3.3.0.jar;C:\Users\Jacob\.gradle\caches\modules-2\files-2.1\org.lwjgl\lwjgl-glfw\3.3.0\b2d71cebdfecc512131879573e835211cb47b91f\lwjgl-glfw-3.3.0-natives-windows.jar;C:\Users\Jacob\.gradle\caches\modules-2\files-2.1\org.lwjgl\lwjgl-glfw\3.3.0\d710d7211b4060f738123a47dcc530329ecb0661\lwjgl-glfw-3.3.0-natives-linux.jar;C:\Users\Jacob\.gradle\caches\modules-2\files-2.1\org.lwjgl\lwjgl-glfw\3.3.0\98de70314a31417494c2308587193e371c844a8b\lwjgl-glfw-3.3.0-natives-macos.jar;C:\Users\Jacob\.gradle\caches\modules-2\files-2.1\org.lwjgl\lwjgl-openal\3.3.0\902dd57b5a46e8a75ee843c2db61f80b4d130d48\lwjgl-openal-3.3.0.jar;C:\Users\Jacob\.gradle\caches\modules-2\files-2.1\org.lwjgl\lwjgl-openal\3.3.0\d6e59a987bd196b9a7ce161db41fe1727b0d88f\lwjgl-openal-3.3.0-natives-windows.jar;C:\Users\Jacob\.gradle\caches\modules-2\files-2.1\org.lwjgl\lwjgl-opengl\3.3.0\a1f395f7758a3abd5aff75fc8a20368ac371631e\lwjgl-opengl-3.3.0.jar;C:\Users\Jacob\.gradle\caches\modules-2\files-2.1\org.lwjgl\lwjgl-opengl\3.3.0\de52e197709c8d03cb386ed7b3b4ce8b96a339f3\lwjgl-opengl-3.3.0-natives-windows.jar;C:\Users\Jacob\.gradle\caches\modules-2\files-2.1\org.lwjgl\lwjgl-opengl\3.3.0\10f7
Launcher Type: SUN_STANDARD

[Global flags]
     intx CICompilerCount                          = 4                                         {product} {ergonomic}
     uint ConcGCThreads                            = 2                                         {product} {ergonomic}
     uint G1ConcRefinementThreads                  = 8                                         {product} {ergonomic}
   size_t G1HeapRegionSize                         = 1048576                                   {product} {ergonomic}
    uintx GCDrainStackTargetSize                   = 64                                        {product} {ergonomic}
   size_t InitialHeapSize                          = 117440512                                 {product} {ergonomic}
   size_t MarkStackSize                            = 4194304                                   {product} {ergonomic}
   size_t MaxHeapSize                              = 1862270976                                {product} {ergonomic}
   size_t MaxNewSize                               = 1116733440                                {product} {ergonomic}
   size_t MinHeapDeltaBytes                        = 1048576                                   {product} {ergonomic}
    uintx NonNMethodCodeHeapSize                   = 5836300                                {pd product} {ergonomic}
    uintx NonProfiledCodeHeapSize                  = 122910970                              {pd product} {ergonomic}
    uintx ProfiledCodeHeapSize                     = 122910970                              {pd product} {ergonomic}
    uintx ReservedCodeCacheSize                    = 251658240                              {pd product} {ergonomic}
     bool SegmentedCodeCache                       = true                                      {product} {ergonomic}
     bool UseCompressedClassPointers               = true                                 {lp64_product} {ergonomic}
     bool UseCompressedOops                        = true                                 {lp64_product} {ergonomic}
     bool UseG1GC                                  = true                                      {product} {ergonomic}
     bool UseLargePagesIndividualAllocation        = false                                  {pd product} {ergonomic}

Logging:
Log output configuration:
 #0: stdout all=warning uptime,level,tags
 #1: stderr all=off uptime,level,tags

Environment Variables:
JAVA_HOME=C:\Program Files\AdoptOpenJDK\jdk-11.0.8.10-hotspot\
PATH=C:\Program Files\AdoptOpenJDK\jdk-11.0.8.10-hotspot\bin;C:\Program Files\AdoptOpenJDK\jdk-14.0.2.12-hotspot\bin;C:\WINDOWS\system32;C:\WINDOWS;C:\WINDOWS\System32\Wbem;C:\WINDOWS\System32\WindowsPowerShell\v1.0\;C:\WINDOWS\System32\OpenSSH\;C:\Program Files\dotnet\;C:\Program Files\Microsoft SQL Server\130\Tools\Binn\;C:\Program Files\Microsoft SQL Server\Client SDK\ODBC\170\Tools\Binn\;C:\Program Files\CMake\bin;C:\Program Files\Git LFS;C:\Program Files\Git\cmd;C:\Users\Jacob\AppData\Local\Microsoft\WindowsApps;;C:\Program Files\JetBrains\IntelliJ IDEA Community Edition 2020.2.2\bin;;C:\Users\Jacob\.dotnet\tools;C:\Users\Jacob\AppData\Local\Programs\Microsoft VS Code\bin
USERNAME=Jacob
OS=Windows_NT
PROCESSOR_IDENTIFIER=AMD64 Family 23 Model 24 Stepping 1, AuthenticAMD



---------------  S Y S T E M  ---------------

OS: Windows 10 , 64 bit Build 19041 (10.0.19041.1466)
OS uptime: 9 days 1:09 hours
HyperV virtualization detected

CPU:total 8 (initial active 8) (8 cores per cpu, 2 threads per core) family 23 model 24 stepping 1, cmov, cx8, fxsr, mmx, sse, sse2, sse3, ssse3, sse4.1, sse4.2, popcnt, avx, avx2, aes, clmul, mmxext, 3dnowpref, lzcnt, sse4a, ht, tsc, tscinvbit, tscinv, bmi1, bmi2, adx, sha, fma

Memory: 4k page, system-wide physical 7103M (688M free)
TotalPageFile size 14783M (AvailPageFile size 2254M)
current process WorkingSet (physical memory assigned to process): 116M, peak: 120M
current process commit charge ("private bytes"): 315M, peak: 315M

vm_info: OpenJDK 64-Bit Server VM (11.0.8+10) for windows-amd64 JRE (11.0.8+10), built on Jul 15 2020 11:45:54 by "" with MS VC++ 15.9 (VS2017)

END.
